# JRE version: OpenJDK Runtime Environment Temurin-21.0.8+9 (21.0.8+9) (build 21.0.8+9-LTS)
# Java VM: OpenJDK 64-Bit Server VM Temurin-21.0.8+9 (21.0.8+9-LTS, mixed mode, sharing, tiered, compressed oops, compressed class ptrs, parallel gc, windows-amd64)
GC Precious Log:
 CardTable entry size: 512
 CPUs: 16 total, 16 available
 Memory: 15717M
 Large Page Support: Disabled
 NUMA Support: Disabled
 Compressed Oops: Enabled (32-bit)
 Alignments: Space 512K, Generation 512K, Heap 2M
 Heap Min Capacity: 100M
 Heap Initial Capacity: 100M
 Heap Max Capacity: 2G
 Pre-touch: Disabled
 Parallel Workers: 13
Heap:
 PSYoungGen      total 16384K, used 5700K [0x00000000d5580000, 0x00000000d6700000, 0x0000000100000000)
  eden space 14848K, 32% used [0x00000000d5580000,0x00000000d5a47f28,0x00000000d6400000)
  from space 1536K, 52% used [0x00000000d6480000,0x00000000d6549420,0x00000000d6600000)
  to   space 1024K, 0% used [0x00000000d6600000,0x00000000d6600000,0x00000000d6700000)
 ParOldGen       total 68608K, used 52741K [0x0000000080000000, 0x0000000084300000, 0x00000000d5580000)
  object space 68608K, 76% used [0x0000000080000000,0x0000000083381548,0x0000000084300000)
 Metaspace       used 69160K, committed 70784K, reserved 1114112K
  class space    used 7438K, committed 8128K, reserved 1048576K
GC Heap History (20 events):
Event: 27.986 GC heap before
{Heap before GC invocations=49 (full 3):
 PSYoungGen      total 16896K, used 16893K [0x00000000d5580000, 0x00000000d6900000, 0x0000000100000000)
  eden space 15872K, 100% used [0x00000000d5580000,0x00000000d6500000,0x00000000d6500000)
  from space 1024K, 99% used [0x00000000d6580000,0x00000000d667f498,0x00000000d6680000)
  to   space 2048K, 0% used [0x00000000d6700000,0x00000000d6700000,0x00000000d6900000)
 ParOldGen       total 68608K, used 44685K [0x0000000080000000, 0x0000000084300000, 0x00000000d5580000)
  object space 68608K, 65% used [0x0000000080000000,0x0000000082ba3650,0x0000000084300000)
 Metaspace       used 61946K, committed 63360K, reserved 1114112K
  class space    used 6732K, committed 7360K, reserved 1048576K
}
Event: 27.987 GC heap after
{Heap after GC invocations=49 (full 3):
 PSYoungGen      total 16384K, used 448K [0x00000000d5580000, 0x00000000d6780000, 0x0000000100000000)
  eden space 15872K, 0% used [0x00000000d5580000,0x00000000d5580000,0x00000000d6500000)
  from space 512K, 87% used [0x00000000d6700000,0x00000000d6770000,0x00000000d6780000)
  to   space 1024K, 0% used [0x00000000d6580000,0x00000000d6580000,0x00000000d6680000)
 ParOldGen       total 68608K, used 45529K [0x0000000080000000, 0x0000000084300000, 0x00000000d5580000)
  object space 68608K, 66% used [0x0000000080000000,0x0000000082c76790,0x0000000084300000)
 Metaspace       used 61946K, committed 63360K, reserved 1114112K
  class space    used 6732K, committed 7360K, reserved 1048576K
}
Event: 28.025 GC heap before
{Heap before GC invocations=50 (full 3):
 PSYoungGen      total 16384K, used 16320K [0x00000000d5580000, 0x00000000d6780000, 0x0000000100000000)
  eden space 15872K, 100% used [0x00000000d5580000,0x00000000d6500000,0x00000000d6500000)
  from space 512K, 87% used [0x00000000d6700000,0x00000000d6770000,0x00000000d6780000)
  to   space 1024K, 0% used [0x00000000d6580000,0x00000000d6580000,0x00000000d6680000)
 ParOldGen       total 68608K, used 45529K [0x0000000080000000, 0x0000000084300000, 0x00000000d5580000)
  object space 68608K, 66% used [0x0000000080000000,0x0000000082c76790,0x0000000084300000)
 Metaspace       used 61948K, committed 63360K, reserved 1114112K
  class space    used 6732K, committed 7360K, reserved 1048576K
}
Event: 28.026 GC heap after
{Heap after GC invocations=50 (full 3):
 PSYoungGen      total 16896K, used 640K [0x00000000d5580000, 0x00000000d6780000, 0x0000000100000000)
  eden space 15872K, 0% used [0x00000000d5580000,0x00000000d5580000,0x00000000d6500000)
  from space 1024K, 62% used [0x00000000d6580000,0x00000000d6620000,0x00000000d6680000)
  to   space 1024K, 0% used [0x00000000d6680000,0x00000000d6680000,0x00000000d6780000)
 ParOldGen       total 68608K, used 45793K [0x0000000080000000, 0x0000000084300000, 0x00000000d5580000)
  object space 68608K, 66% used [0x0000000080000000,0x0000000082cb8790,0x0000000084300000)
 Metaspace       used 61948K, committed 63360K, reserved 1114112K
  class space    used 6732K, committed 7360K, reserved 1048576K
}
Event: 28.197 GC heap before
{Heap before GC invocations=51 (full 3):
 PSYoungGen      total 16896K, used 16512K [0x00000000d5580000, 0x00000000d6780000, 0x0000000100000000)
  eden space 15872K, 100% used [0x00000000d5580000,0x00000000d6500000,0x00000000d6500000)
  from space 1024K, 62% used [0x00000000d6580000,0x00000000d6620000,0x00000000d6680000)
  to   space 1024K, 0% used [0x00000000d6680000,0x00000000d6680000,0x00000000d6780000)
 ParOldGen       total 68608K, used 45793K [0x0000000080000000, 0x0000000084300000, 0x00000000d5580000)
  object space 68608K, 66% used [0x0000000080000000,0x0000000082cb8790,0x0000000084300000)
 Metaspace       used 62296K, committed 63744K, reserved 1114112K
  class space    used 6761K, committed 7360K, reserved 1048576K
}
Event: 28.199 GC heap after
{Heap after GC invocations=51 (full 3):
 PSYoungGen      total 16896K, used 868K [0x00000000d5580000, 0x00000000d6780000, 0x0000000100000000)
  eden space 15872K, 0% used [0x00000000d5580000,0x00000000d5580000,0x00000000d6500000)
  from space 1024K, 84% used [0x00000000d6680000,0x00000000d67591d8,0x00000000d6780000)
  to   space 1024K, 0% used [0x00000000d6580000,0x00000000d6580000,0x00000000d6680000)
 ParOldGen       total 68608K, used 46183K [0x0000000080000000, 0x0000000084300000, 0x00000000d5580000)
  object space 68608K, 67% used [0x0000000080000000,0x0000000082d19c70,0x0000000084300000)
 Metaspace       used 62296K, committed 63744K, reserved 1114112K
  class space    used 6761K, committed 7360K, reserved 1048576K
}
Event: 28.413 GC heap before
{Heap before GC invocations=52 (full 3):
 PSYoungGen      total 16896K, used 16740K [0x00000000d5580000, 0x00000000d6780000, 0x0000000100000000)
  eden space 15872K, 100% used [0x00000000d5580000,0x00000000d6500000,0x00000000d6500000)
  from space 1024K, 84% used [0x00000000d6680000,0x00000000d67591d8,0x00000000d6780000)
  to   space 1024K, 0% used [0x00000000d6580000,0x00000000d6580000,0x00000000d6680000)
 ParOldGen       total 68608K, used 46183K [0x0000000080000000, 0x0000000084300000, 0x00000000d5580000)
  object space 68608K, 67% used [0x0000000080000000,0x0000000082d19c70,0x0000000084300000)
 Metaspace       used 63933K, committed 65408K, reserved 1114112K
  class space    used 6903K, committed 7552K, reserved 1048576K
}
Event: 28.415 GC heap after
{Heap after GC invocations=52 (full 3):
 PSYoungGen      total 16896K, used 873K [0x00000000d5580000, 0x00000000d6700000, 0x0000000100000000)
  eden space 15872K, 0% used [0x00000000d5580000,0x00000000d5580000,0x00000000d6500000)
  from space 1024K, 85% used [0x00000000d6580000,0x00000000d665a4a0,0x00000000d6680000)
  to   space 512K, 0% used [0x00000000d6680000,0x00000000d6680000,0x00000000d6700000)
 ParOldGen       total 68608K, used 46505K [0x0000000080000000, 0x0000000084300000, 0x00000000d5580000)
  object space 68608K, 67% used [0x0000000080000000,0x0000000082d6a590,0x0000000084300000)
 Metaspace       used 63933K, committed 65408K, reserved 1114112K
  class space    used 6903K, committed 7552K, reserved 1048576K
}
Event: 28.720 GC heap before
{Heap before GC invocations=53 (full 3):
 PSYoungGen      total 16896K, used 16741K [0x00000000d5580000, 0x00000000d6700000, 0x0000000100000000)
  eden space 15872K, 99% used [0x00000000d5580000,0x00000000d64ff1c0,0x00000000d6500000)
  from space 1024K, 85% used [0x00000000d6580000,0x00000000d665a4a0,0x00000000d6680000)
  to   space 512K, 0% used [0x00000000d6680000,0x00000000d6680000,0x00000000d6700000)
 ParOldGen       total 68608K, used 46505K [0x0000000080000000, 0x0000000084300000, 0x00000000d5580000)
  object space 68608K, 67% used [0x0000000080000000,0x0000000082d6a590,0x0000000084300000)
 Metaspace       used 65669K, committed 67136K, reserved 1114112K
  class space    used 7112K, committed 7744K, reserved 1048576K
}
Event: 28.722 GC heap after
{Heap after GC invocations=53 (full 3):
 PSYoungGen      total 15360K, used 494K [0x00000000d5580000, 0x00000000d6a00000, 0x0000000100000000)
  eden space 14848K, 0% used [0x00000000d5580000,0x00000000d5580000,0x00000000d6400000)
  from space 512K, 96% used [0x00000000d6680000,0x00000000d66fb938,0x00000000d6700000)
  to   space 2560K, 0% used [0x00000000d6400000,0x00000000d6400000,0x00000000d6680000)
 ParOldGen       total 68608K, used 48199K [0x0000000080000000, 0x0000000084300000, 0x00000000d5580000)
  object space 68608K, 70% used [0x0000000080000000,0x0000000082f11e38,0x0000000084300000)
 Metaspace       used 65669K, committed 67136K, reserved 1114112K
  class space    used 7112K, committed 7744K, reserved 1048576K
}
Event: 30.519 GC heap before
{Heap before GC invocations=54 (full 3):
 PSYoungGen      total 15360K, used 15342K [0x00000000d5580000, 0x00000000d6a00000, 0x0000000100000000)
  eden space 14848K, 100% used [0x00000000d5580000,0x00000000d6400000,0x00000000d6400000)
  from space 512K, 96% used [0x00000000d6680000,0x00000000d66fb938,0x00000000d6700000)
  to   space 2560K, 0% used [0x00000000d6400000,0x00000000d6400000,0x00000000d6680000)
 ParOldGen       total 68608K, used 48199K [0x0000000080000000, 0x0000000084300000, 0x00000000d5580000)
  object space 68608K, 70% used [0x0000000080000000,0x0000000082f11e38,0x0000000084300000)
 Metaspace       used 66945K, committed 68480K, reserved 1114112K
  class space    used 7234K, committed 7872K, reserved 1048576K
}
Event: 30.521 GC heap after
{Heap after GC invocations=54 (full 3):
 PSYoungGen      total 17408K, used 2217K [0x00000000d5580000, 0x00000000d6900000, 0x0000000100000000)
  eden space 14848K, 0% used [0x00000000d5580000,0x00000000d5580000,0x00000000d6400000)
  from space 2560K, 86% used [0x00000000d6400000,0x00000000d662a6f0,0x00000000d6680000)
  to   space 2560K, 0% used [0x00000000d6680000,0x00000000d6680000,0x00000000d6900000)
 ParOldGen       total 68608K, used 48530K [0x0000000080000000, 0x0000000084300000, 0x00000000d5580000)
  object space 68608K, 70% used [0x0000000080000000,0x0000000082f64bf0,0x0000000084300000)
 Metaspace       used 66945K, committed 68480K, reserved 1114112K
  class space    used 7234K, committed 7872K, reserved 1048576K
}
Event: 30.902 GC heap before
{Heap before GC invocations=55 (full 3):
 PSYoungGen      total 17408K, used 17065K [0x00000000d5580000, 0x00000000d6900000, 0x0000000100000000)
  eden space 14848K, 100% used [0x00000000d5580000,0x00000000d6400000,0x00000000d6400000)
  from space 2560K, 86% used [0x00000000d6400000,0x00000000d662a6f0,0x00000000d6680000)
  to   space 2560K, 0% used [0x00000000d6680000,0x00000000d6680000,0x00000000d6900000)
 ParOldGen       total 68608K, used 48530K [0x0000000080000000, 0x0000000084300000, 0x00000000d5580000)
  object space 68608K, 70% used [0x0000000080000000,0x0000000082f64bf0,0x0000000084300000)
 Metaspace       used 67276K, committed 68800K, reserved 1114112K
  class space    used 7267K, committed 7936K, reserved 1048576K
}
Event: 30.904 GC heap after
{Heap after GC invocations=55 (full 3):
 PSYoungGen      total 16384K, used 1120K [0x00000000d5580000, 0x00000000d6800000, 0x0000000100000000)
  eden space 14848K, 0% used [0x00000000d5580000,0x00000000d5580000,0x00000000d6400000)
  from space 1536K, 72% used [0x00000000d6680000,0x00000000d6798000,0x00000000d6800000)
  to   space 1536K, 0% used [0x00000000d6500000,0x00000000d6500000,0x00000000d6680000)
 ParOldGen       total 68608K, used 50443K [0x0000000080000000, 0x0000000084300000, 0x00000000d5580000)
  object space 68608K, 73% used [0x0000000080000000,0x0000000083142cb8,0x0000000084300000)
 Metaspace       used 67276K, committed 68800K, reserved 1114112K
  class space    used 7267K, committed 7936K, reserved 1048576K
}
Event: 31.937 GC heap before
{Heap before GC invocations=56 (full 3):
 PSYoungGen      total 16384K, used 15966K [0x00000000d5580000, 0x00000000d6800000, 0x0000000100000000)
  eden space 14848K, 99% used [0x00000000d5580000,0x00000000d63ff898,0x00000000d6400000)
  from space 1536K, 72% used [0x00000000d6680000,0x00000000d6798000,0x00000000d6800000)
  to   space 1536K, 0% used [0x00000000d6500000,0x00000000d6500000,0x00000000d6680000)
 ParOldGen       total 68608K, used 50443K [0x0000000080000000, 0x0000000084300000, 0x00000000d5580000)
  object space 68608K, 73% used [0x0000000080000000,0x0000000083142cb8,0x0000000084300000)
 Metaspace       used 67742K, committed 69312K, reserved 1114112K
  class space    used 7312K, committed 8000K, reserved 1048576K
}
Event: 31.939 GC heap after
{Heap after GC invocations=56 (full 3):
 PSYoungGen      total 16384K, used 1517K [0x00000000d5580000, 0x00000000d6800000, 0x0000000100000000)
  eden space 14848K, 0% used [0x00000000d5580000,0x00000000d5580000,0x00000000d6400000)
  from space 1536K, 98% used [0x00000000d6500000,0x00000000d667b408,0x00000000d6680000)
  to   space 1536K, 0% used [0x00000000d6680000,0x00000000d6680000,0x00000000d6800000)
 ParOldGen       total 68608K, used 51363K [0x0000000080000000, 0x0000000084300000, 0x00000000d5580000)
  object space 68608K, 74% used [0x0000000080000000,0x0000000083228cb8,0x0000000084300000)
 Metaspace       used 67742K, committed 69312K, reserved 1114112K
  class space    used 7312K, committed 8000K, reserved 1048576K
}
Event: 32.287 GC heap before
{Heap before GC invocations=57 (full 3):
 PSYoungGen      total 16384K, used 16365K [0x00000000d5580000, 0x00000000d6800000, 0x0000000100000000)
  eden space 14848K, 100% used [0x00000000d5580000,0x00000000d6400000,0x00000000d6400000)
  from space 1536K, 98% used [0x00000000d6500000,0x00000000d667b408,0x00000000d6680000)
  to   space 1536K, 0% used [0x00000000d6680000,0x00000000d6680000,0x00000000d6800000)
 ParOldGen       total 68608K, used 51363K [0x0000000080000000, 0x0000000084300000, 0x00000000d5580000)
  object space 68608K, 74% used [0x0000000080000000,0x0000000083228cb8,0x0000000084300000)
 Metaspace       used 68016K, committed 69568K, reserved 1114112K
  class space    used 7330K, committed 8000K, reserved 1048576K
}
Event: 32.289 GC heap after
{Heap after GC invocations=57 (full 3):
 PSYoungGen      total 15872K, used 752K [0x00000000d5580000, 0x00000000d6780000, 0x0000000100000000)
  eden space 14848K, 0% used [0x00000000d5580000,0x00000000d5580000,0x00000000d6400000)
  from space 1024K, 73% used [0x00000000d6680000,0x00000000d673c010,0x00000000d6780000)
  to   space 1536K, 0% used [0x00000000d6480000,0x00000000d6480000,0x00000000d6600000)
 ParOldGen       total 68608K, used 52269K [0x0000000080000000, 0x0000000084300000, 0x00000000d5580000)
  object space 68608K, 76% used [0x0000000080000000,0x000000008330b548,0x0000000084300000)
 Metaspace       used 68016K, committed 69568K, reserved 1114112K
  class space    used 7330K, committed 8000K, reserved 1048576K
}
Event: 32.738 GC heap before
{Heap before GC invocations=58 (full 3):
 PSYoungGen      total 15872K, used 15600K [0x00000000d5580000, 0x00000000d6780000, 0x0000000100000000)
  eden space 14848K, 100% used [0x00000000d5580000,0x00000000d6400000,0x00000000d6400000)
  from space 1024K, 73% used [0x00000000d6680000,0x00000000d673c010,0x00000000d6780000)
  to   space 1536K, 0% used [0x00000000d6480000,0x00000000d6480000,0x00000000d6600000)
 ParOldGen       total 68608K, used 52269K [0x0000000080000000, 0x0000000084300000, 0x00000000d5580000)
  object space 68608K, 76% used [0x0000000080000000,0x000000008330b548,0x0000000084300000)
 Metaspace       used 68792K, committed 70528K, reserved 1114112K
  class space    used 7406K, committed 8128K, reserved 1048576K
}
Event: 32.739 GC heap after
{Heap after GC invocations=58 (full 3):
 PSYoungGen      total 16384K, used 805K [0x00000000d5580000, 0x00000000d6700000, 0x0000000100000000)
  eden space 14848K, 0% used [0x00000000d5580000,0x00000000d5580000,0x00000000d6400000)
  from space 1536K, 52% used [0x00000000d6480000,0x00000000d6549420,0x00000000d6600000)
  to   space 1024K, 0% used [0x00000000d6600000,0x00000000d6600000,0x00000000d6700000)
 ParOldGen       total 68608K, used 52741K [0x0000000080000000, 0x0000000084300000, 0x00000000d5580000)
  object space 68608K, 76% used [0x0000000080000000,0x0000000083381548,0x0000000084300000)
 Metaspace       used 68792K, committed 70528K, reserved 1114112K
  class space    used 7406K, committed 8128K, reserved 1048576K
}

